<?xml version="1.0" encoding="UTF-8"?>
<!--
  ~ Copyright (c) 2008-2018 Haulmont.
  ~
  ~ Licensed under the Apache License, Version 2.0 (the "License");
  ~ you may not use this file except in compliance with the License.
  ~ You may obtain a copy of the License at
  ~
  ~     http://www.apache.org/licenses/LICENSE-2.0
  ~
  ~ Unless required by applicable law or agreed to in writing, software
  ~ distributed under the License is distributed on an "AS IS" BASIS,
  ~ WITHOUT WARRANTIES OR CONDITIONS OF ANY KIND, either express or implied.
  ~ See the License for the specific language governing permissions and
  ~ limitations under the License.
  -->

<persistence version="2.0" xmlns="http://java.sun.com/xml/ns/persistence"
             xmlns:xsi="http://www.w3.org/2001/XMLSchema-instance"
             xsi:schemaLocation="http://java.sun.com/xml/ns/persistence http://java.sun.com/xml/ns/persistence/persistence_2_0.xsd">

    <persistence-unit name="cuba" transaction-type="RESOURCE_LOCAL">
        <class>com.haulmont.cuba.web.testmodel.sample.Sample</class>
        <class>com.haulmont.cuba.web.testmodel.datacontext.Foo</class>
        <class>com.haulmont.cuba.web.testmodel.datacontext.TestStringIdEntity</class>
        <class>com.haulmont.cuba.web.testmodel.datacontext.TestIdentityIdEntity</class>

        <class>com.haulmont.cuba.web.testmodel.sales.Address</class>
        <class>com.haulmont.cuba.web.testmodel.sales.Customer</class>
        <class>com.haulmont.cuba.web.testmodel.sales.Order</class>
        <class>com.haulmont.cuba.web.testmodel.sales.OrderLine</class>
        <class>com.haulmont.cuba.web.testmodel.sales.OrderLineParam</class>
        <class>com.haulmont.cuba.web.testmodel.sales.Product</class>
        <class>com.haulmont.cuba.web.testmodel.sales.ProductTag</class>
        <class>com.haulmont.cuba.web.testmodel.sales.Catalog</class>

        <class>com.haulmont.cuba.web.testmodel.compositecomponent.Comment</class>

        <class>com.haulmont.cuba.web.testmodel.beanvalidation.DateValidationEntity</class>
    </persistence-unit>
</persistence>